Determining if the Q_WS_WIN exist failed with the following output:
Change Dir: /home/michal/projects/qttest/build/CMakeFiles/CMakeTmp

Run Build Command:/usr/bin/make "cmTryCompileExec2759471320/fast"
/usr/bin/make -f CMakeFiles/cmTryCompileExec2759471320.dir/build.make CMakeFiles/cmTryCompileExec2759471320.dir/build
make[1]: Entering directory `/home/michal/projects/qttest/build/CMakeFiles/CMakeTmp'
/usr/bin/cmake -E cmake_progress_report /home/michal/projects/qttest/build/CMakeFiles/CMakeTmp/CMakeFiles 1
Building CXX object CMakeFiles/cmTryCompileExec2759471320.dir/CheckSymbolExists.cxx.o
/usr/bin/c++    -I/usr/include/qt4    -o CMakeFiles/cmTryCompileExec2759471320.dir/CheckSymbolExists.cxx.o -c /home/michal/projects/qttest/build/CMakeFiles/CMakeTmp/CheckSymbolExists.cxx
/home/michal/projects/qttest/build/CMakeFiles/CMakeTmp/CheckSymbolExists.cxx: In function ‘int main(int, char**)’:
/home/michal/projects/qttest/build/CMakeFiles/CMakeTmp/CheckSymbolExists.cxx:8:19: error: ‘Q_WS_WIN’ was not declared in this scope
make[1]: *** [CMakeFiles/cmTryCompileExec2759471320.dir/CheckSymbolExists.cxx.o] Error 1
make[1]: Leaving directory `/home/michal/projects/qttest/build/CMakeFiles/CMakeTmp'
make: *** [cmTryCompileExec2759471320/fast] Error 2

File /home/michal/projects/qttest/build/CMakeFiles/CMakeTmp/CheckSymbolExists.cxx:
/* */
#include <QtCore/qglobal.h>

int main(int argc, char** argv)
{
  (void)argv;
#ifndef Q_WS_WIN
  return ((int*)(&Q_WS_WIN))[argc];
#else
  (void)argc;
  return 0;
#endif
}

Determining if the Q_WS_QWS exist failed with the following output:
Change Dir: /home/michal/projects/qttest/build/CMakeFiles/CMakeTmp

Run Build Command:/usr/bin/make "cmTryCompileExec2675104071/fast"
/usr/bin/make -f CMakeFiles/cmTryCompileExec2675104071.dir/build.make CMakeFiles/cmTryCompileExec2675104071.dir/build
make[1]: Entering directory `/home/michal/projects/qttest/build/CMakeFiles/CMakeTmp'
/usr/bin/cmake -E cmake_progress_report /home/michal/projects/qttest/build/CMakeFiles/CMakeTmp/CMakeFiles 1
Building CXX object CMakeFiles/cmTryCompileExec2675104071.dir/CheckSymbolExists.cxx.o
/usr/bin/c++    -I/usr/include/qt4    -o CMakeFiles/cmTryCompileExec2675104071.dir/CheckSymbolExists.cxx.o -c /home/michal/projects/qttest/build/CMakeFiles/CMakeTmp/CheckSymbolExists.cxx
/home/michal/projects/qttest/build/CMakeFiles/CMakeTmp/CheckSymbolExists.cxx: In function ‘int main(int, char**)’:
/home/michal/projects/qttest/build/CMakeFiles/CMakeTmp/CheckSymbolExists.cxx:8:19: error: ‘Q_WS_QWS’ was not declared in this scope
make[1]: *** [CMakeFiles/cmTryCompileExec2675104071.dir/CheckSymbolExists.cxx.o] Error 1
make[1]: Leaving directory `/home/michal/projects/qttest/build/CMakeFiles/CMakeTmp'
make: *** [cmTryCompileExec2675104071/fast] Error 2

File /home/michal/projects/qttest/build/CMakeFiles/CMakeTmp/CheckSymbolExists.cxx:
/* */
#include <QtCore/qglobal.h>

int main(int argc, char** argv)
{
  (void)argv;
#ifndef Q_WS_QWS
  return ((int*)(&Q_WS_QWS))[argc];
#else
  (void)argc;
  return 0;
#endif
}

Determining if the Q_WS_MAC exist failed with the following output:
Change Dir: /home/michal/projects/qttest/build/CMakeFiles/CMakeTmp

Run Build Command:/usr/bin/make "cmTryCompileExec457953176/fast"
/usr/bin/make -f CMakeFiles/cmTryCompileExec457953176.dir/build.make CMakeFiles/cmTryCompileExec457953176.dir/build
make[1]: Entering directory `/home/michal/projects/qttest/build/CMakeFiles/CMakeTmp'
/usr/bin/cmake -E cmake_progress_report /home/michal/projects/qttest/build/CMakeFiles/CMakeTmp/CMakeFiles 1
Building CXX object CMakeFiles/cmTryCompileExec457953176.dir/CheckSymbolExists.cxx.o
/usr/bin/c++    -I/usr/include/qt4    -o CMakeFiles/cmTryCompileExec457953176.dir/CheckSymbolExists.cxx.o -c /home/michal/projects/qttest/build/CMakeFiles/CMakeTmp/CheckSymbolExists.cxx
/home/michal/projects/qttest/build/CMakeFiles/CMakeTmp/CheckSymbolExists.cxx: In function ‘int main(int, char**)’:
/home/michal/projects/qttest/build/CMakeFiles/CMakeTmp/CheckSymbolExists.cxx:8:19: error: ‘Q_WS_MAC’ was not declared in this scope
make[1]: *** [CMakeFiles/cmTryCompileExec457953176.dir/CheckSymbolExists.cxx.o] Error 1
make[1]: Leaving directory `/home/michal/projects/qttest/build/CMakeFiles/CMakeTmp'
make: *** [cmTryCompileExec457953176/fast] Error 2

File /home/michal/projects/qttest/build/CMakeFiles/CMakeTmp/CheckSymbolExists.cxx:
/* */
#include <QtCore/qglobal.h>

int main(int argc, char** argv)
{
  (void)argv;
#ifndef Q_WS_MAC
  return ((int*)(&Q_WS_MAC))[argc];
#else
  (void)argc;
  return 0;
#endif
}

